<?xml version="1.0" encoding="UTF-8"?>
<!-- Generated by org.testng.reporters.JUnitReportReporter -->
<testsuite hostname="DESKTOP-1HP5QV0" failures="0" tests="1" name="test.Flight_Ticket_Booking" time="68.683" errors="0" timestamp="2023-03-09T08:46:28 IST" skipped="0">
  <testcase classname="test.Flight_Ticket_Booking" name="bookFligtTicket" time="68.683"/>
  <system-out/>
</testsuite> <!-- test.Flight_Ticket_Booking -->
