<?xml version="1.0" encoding="UTF-8"?>
<!-- Generated by org.testng.reporters.JUnitReportReporter -->
<testsuite hostname="DESKTOP-1HP5QV0" failures="0" tests="1" name="assignment2.Movie_Ticket_Booking" time="166.398" errors="0" timestamp="2023-03-08T10:42:01 IST" skipped="0">
  <testcase classname="assignment2.Movie_Ticket_Booking" name="book_Movie_Tickets" time="166.398"/>
  <system-out/>
</testsuite> <!-- assignment2.Movie_Ticket_Booking -->
